TN:
SF:src\modules\appointments\services\CreateAppointmentService.ts
FN:55,__decorate
FN:55,__metadata
FN:55,__param
FN:55,__awaiter
FN:55,adopt
FN:55,fulfilled
FN:55,rejected
FN:55,step
FN:55,__generator
FN:55,sent
FN:55,g.<computed>
FN:55,verb
FN:55,step
FN:55,__importDefault
FN:15,CreateAppointmentService
FN:20,CreateAppointmentService.execute
FNF:16
FNH:14
FNDA:1,__decorate
FNDA:1,__metadata
FNDA:1,__param
FNDA:7,__awaiter
FNDA:2,adopt
FNDA:2,fulfilled
FNDA:0,rejected
FNDA:3,step
FNDA:7,__generator
FNDA:2,sent
FNDA:0,g.<computed>
FNDA:21,verb
FNDA:9,step
FNDA:1,__importDefault
FNDA:5,CreateAppointmentService
FNDA:7,CreateAppointmentService.execute
DA:1,1
DA:2,1
DA:3,1
DA:4,1
DA:5,1
DA:6,1
DA:7,1
DA:8,1
DA:9,1
DA:10,1
DA:11,1
DA:12,1
DA:13,1
DA:14,1
DA:15,1
DA:16,5
DA:17,5
DA:18,5
DA:19,1
DA:20,1
DA:21,7
DA:22,7
DA:23,7
DA:24,4
DA:25,4
DA:26,7
DA:27,1
DA:28,1
DA:29,2
DA:30,7
DA:31,1
DA:32,1
DA:33,1
DA:34,1
DA:35,1
DA:36,1
DA:37,1
DA:38,1
DA:39,7
DA:40,7
DA:41,0
DA:42,0
DA:43,0
DA:44,7
DA:45,7
DA:46,7
DA:47,7
DA:48,7
DA:49,7
DA:50,7
DA:51,7
DA:52,7
DA:53,1
DA:54,1
DA:55,1
LF:55
LH:52
BRDA:55,0,0,1
BRDA:55,1,0,1
BRDA:55,2,0,0
BRDA:55,3,0,0
BRDA:55,4,0,0
BRDA:55,5,0,0
BRDA:55,6,0,1
BRDA:55,7,0,1
BRDA:55,8,0,1
BRDA:55,9,0,7
BRDA:55,10,0,2
BRDA:55,11,0,0
BRDA:55,12,0,7
BRDA:55,13,0,2
BRDA:55,14,0,0
BRDA:55,15,0,3
BRDA:55,16,0,1
BRDA:55,17,0,2
BRDA:55,18,0,7
BRDA:55,19,0,2
BRDA:55,20,0,0
BRDA:55,21,0,21
BRDA:55,22,0,9
BRDA:55,23,0,9
BRDA:55,24,0,0
BRDA:55,25,0,18
BRDA:55,26,0,0
BRDA:55,27,0,0
BRDA:55,28,0,0
BRDA:55,29,0,0
BRDA:55,30,0,9
BRDA:55,31,0,9
BRDA:55,32,0,2
BRDA:55,33,0,0
BRDA:55,34,0,0
BRDA:55,35,0,7
BRDA:55,36,0,0
BRDA:55,37,0,1
BRDA:55,38,0,0
BRDA:55,39,0,0
BRDA:55,40,0,0
BRDA:55,41,0,0
BRDA:55,42,0,9
BRDA:55,43,0,3
BRDA:55,44,0,6
BRDA:55,45,0,9
BRDA:55,46,0,7
BRDA:55,47,0,6
BRDA:55,48,0,1
BRDA:55,49,0,0
BRDA:55,50,0,1
BRDA:55,51,0,0
BRDA:14,52,0,1
BRDA:15,53,0,5
BRDA:20,54,0,7
BRDA:55,55,0,7
BRDA:55,56,0,9
BRDA:55,57,0,7
BRDA:23,58,0,4
BRDA:25,59,0,3
BRDA:26,60,0,1
BRDA:28,61,0,2
BRDA:30,62,0,1
BRDA:30,63,0,1
BRDA:55,64,0,1
BRDA:40,65,0,0
BRDA:55,66,0,1
BRF:67
BRH:45
end_of_record
TN:
SF:src\modules\appointments\services\ListProviderDayAvailabilityService.ts
FN:59,__decorate
FN:59,__metadata
FN:59,__param
FN:59,__awaiter
FN:59,adopt
FN:59,fulfilled
FN:59,rejected
FN:59,step
FN:59,__generator
FN:59,sent
FN:59,g.<computed>
FN:59,verb
FN:59,step
FN:19,ListProviderDayAvailabilityService
FN:24,ListProviderDayAvailabilityService.execute
FNF:15
FNH:13
FNDA:1,__decorate
FNDA:1,__metadata
FNDA:1,__param
FNDA:1,__awaiter
FNDA:1,adopt
FNDA:1,fulfilled
FNDA:0,rejected
FNDA:2,step
FNDA:1,__generator
FNDA:1,sent
FNDA:0,g.<computed>
FNDA:3,verb
FNDA:2,step
FNDA:1,ListProviderDayAvailabilityService
FNDA:1,ListProviderDayAvailabilityService.execute
DA:1,1
DA:2,1
DA:3,1
DA:4,1
DA:5,1
DA:6,1
DA:7,1
DA:8,1
DA:9,1
DA:10,1
DA:11,1
DA:12,1
DA:13,1
DA:14,1
DA:15,1
DA:16,1
DA:17,1
DA:18,1
DA:19,1
DA:20,1
DA:21,1
DA:22,1
DA:23,1
DA:24,1
DA:25,1
DA:26,1
DA:27,1
DA:28,1
DA:29,1
DA:30,1
DA:31,1
DA:32,1
DA:33,1
DA:34,1
DA:35,1
DA:36,1
DA:37,1
DA:38,1
DA:39,1
DA:40,1
DA:41,1
DA:42,1
DA:43,1
DA:44,1
DA:45,1
DA:46,10
DA:47,10
DA:48,10
DA:49,10
DA:50,10
DA:51,10
DA:52,10
DA:53,1
DA:54,1
DA:55,1
DA:56,1
DA:57,1
DA:58,1
DA:59,1
LF:59
LH:59
BRDA:59,0,0,1
BRDA:59,1,0,1
BRDA:59,2,0,0
BRDA:59,3,0,0
BRDA:59,4,0,0
BRDA:59,5,0,0
BRDA:59,6,0,1
BRDA:59,7,0,1
BRDA:59,8,0,1
BRDA:59,9,0,1
BRDA:59,10,0,1
BRDA:59,11,0,0
BRDA:59,12,0,1
BRDA:59,13,0,1
BRDA:59,14,0,0
BRDA:59,15,0,2
BRDA:59,16,0,1
BRDA:59,17,0,1
BRDA:59,18,0,1
BRDA:59,19,0,1
BRDA:59,20,0,0
BRDA:59,21,0,3
BRDA:59,22,0,2
BRDA:59,23,0,2
BRDA:59,24,0,0
BRDA:59,25,0,4
BRDA:59,26,0,0
BRDA:59,27,0,0
BRDA:59,28,0,0
BRDA:59,29,0,0
BRDA:59,30,0,2
BRDA:59,31,0,2
BRDA:59,32,0,1
BRDA:59,33,0,0
BRDA:59,34,0,0
BRDA:59,35,0,1
BRDA:59,36,0,0
BRDA:59,37,0,0
BRDA:59,38,0,0
BRDA:59,39,0,0
BRDA:59,40,0,0
BRDA:59,41,0,2
BRDA:59,42,0,0
BRDA:59,43,0,2
BRDA:59,44,0,1
BRDA:59,45,0,0
BRDA:59,46,0,1
BRDA:59,47,0,0
BRDA:18,48,0,1
BRDA:19,49,0,1
BRDA:24,50,0,1
BRDA:59,51,0,1
BRDA:59,52,0,2
BRDA:30,53,0,1
BRDA:59,54,0,1
BRDA:43,55,0,10
BRDA:45,56,0,10
BRDA:47,57,0,19
BRF:58
BRH:36
end_of_record
TN:
SF:src\modules\appointments\services\ListProviderMonthAvailabilityService.ts
FN:55,__decorate
FN:55,__metadata
FN:55,__param
FN:55,__awaiter
FN:55,adopt
FN:55,fulfilled
FN:55,rejected
FN:55,step
FN:55,__generator
FN:55,sent
FN:55,g.<computed>
FN:55,verb
FN:55,step
FN:18,ListProviderMonthAvailabilityService
FN:23,ListProviderMonthAvailabilityService.execute
FNF:15
FNH:13
FNDA:1,__decorate
FNDA:1,__metadata
FNDA:1,__param
FNDA:1,__awaiter
FNDA:1,adopt
FNDA:1,fulfilled
FNDA:0,rejected
FNDA:2,step
FNDA:1,__generator
FNDA:1,sent
FNDA:0,g.<computed>
FNDA:3,verb
FNDA:2,step
FNDA:1,ListProviderMonthAvailabilityService
FNDA:1,ListProviderMonthAvailabilityService.execute
DA:1,1
DA:2,1
DA:3,1
DA:4,1
DA:5,1
DA:6,1
DA:7,1
DA:8,1
DA:9,1
DA:10,1
DA:11,1
DA:12,1
DA:13,1
DA:14,1
DA:15,1
DA:16,1
DA:17,1
DA:18,1
DA:19,1
DA:20,1
DA:21,1
DA:22,1
DA:23,1
DA:24,1
DA:25,1
DA:26,1
DA:27,1
DA:28,1
DA:29,1
DA:30,1
DA:31,1
DA:32,1
DA:33,1
DA:34,1
DA:35,1
DA:36,1
DA:37,1
DA:38,1
DA:39,1
DA:40,1
DA:41,1
DA:42,1
DA:43,31
DA:44,341
DA:45,31
DA:46,31
DA:47,1
DA:48,1
DA:49,1
DA:50,1
DA:51,1
DA:52,1
DA:53,1
DA:54,1
DA:55,1
LF:55
LH:55
BRDA:55,0,0,1
BRDA:55,1,0,1
BRDA:55,2,0,0
BRDA:55,3,0,0
BRDA:55,4,0,0
BRDA:55,5,0,0
BRDA:55,6,0,1
BRDA:55,7,0,1
BRDA:55,8,0,1
BRDA:55,9,0,1
BRDA:55,10,0,1
BRDA:55,11,0,0
BRDA:55,12,0,1
BRDA:55,13,0,1
BRDA:55,14,0,0
BRDA:55,15,0,2
BRDA:55,16,0,1
BRDA:55,17,0,1
BRDA:55,18,0,1
BRDA:55,19,0,1
BRDA:55,20,0,0
BRDA:55,21,0,3
BRDA:55,22,0,2
BRDA:55,23,0,2
BRDA:55,24,0,0
BRDA:55,25,0,4
BRDA:55,26,0,0
BRDA:55,27,0,0
BRDA:55,28,0,0
BRDA:55,29,0,0
BRDA:55,30,0,2
BRDA:55,31,0,2
BRDA:55,32,0,1
BRDA:55,33,0,0
BRDA:55,34,0,0
BRDA:55,35,0,1
BRDA:55,36,0,0
BRDA:55,37,0,0
BRDA:55,38,0,0
BRDA:55,39,0,0
BRDA:55,40,0,0
BRDA:55,41,0,2
BRDA:55,42,0,0
BRDA:55,43,0,2
BRDA:55,44,0,1
BRDA:55,45,0,0
BRDA:55,46,0,1
BRDA:55,47,0,0
BRDA:17,48,0,1
BRDA:18,49,0,1
BRDA:23,50,0,1
BRDA:55,51,0,1
BRDA:55,52,0,2
BRDA:28,53,0,1
BRDA:55,54,0,1
BRDA:39,55,0,31
BRDA:42,56,0,31
BRDA:43,57,0,341
BRF:58
BRH:36
end_of_record
TN:
SF:src\modules\appointments\services\ListProvidersService.ts
FN:25,__decorate
FN:25,__metadata
FN:25,__param
FN:25,__awaiter
FN:25,adopt
FN:25,fulfilled
FN:25,rejected
FN:25,step
FN:25,__generator
FN:25,sent
FN:25,g.<computed>
FN:25,verb
FN:25,step
FN:11,ListProviderService
FN:16,ListProviderService.execute
FNF:15
FNH:13
FNDA:1,__decorate
FNDA:1,__metadata
FNDA:1,__param
FNDA:1,__awaiter
FNDA:1,adopt
FNDA:1,fulfilled
FNDA:0,rejected
FNDA:2,step
FNDA:1,__generator
FNDA:1,sent
FNDA:0,g.<computed>
FNDA:3,verb
FNDA:2,step
FNDA:1,ListProviderService
FNDA:1,ListProviderService.execute
DA:1,1
DA:2,1
DA:3,1
DA:4,1
DA:5,1
DA:6,1
DA:7,1
DA:8,1
DA:9,1
DA:10,1
DA:11,1
DA:12,1
DA:13,1
DA:14,1
DA:15,1
DA:16,1
DA:17,1
DA:18,1
DA:19,1
DA:20,1
DA:21,1
DA:22,1
DA:23,1
DA:24,1
DA:25,1
LF:25
LH:25
BRDA:25,0,0,1
BRDA:25,1,0,1
BRDA:25,2,0,0
BRDA:25,3,0,0
BRDA:25,4,0,0
BRDA:25,5,0,0
BRDA:25,6,0,1
BRDA:25,7,0,1
BRDA:25,8,0,1
BRDA:25,9,0,1
BRDA:25,10,0,1
BRDA:25,11,0,0
BRDA:25,12,0,1
BRDA:25,13,0,1
BRDA:25,14,0,0
BRDA:25,15,0,2
BRDA:25,16,0,1
BRDA:25,17,0,1
BRDA:25,18,0,1
BRDA:25,19,0,1
BRDA:25,20,0,0
BRDA:25,21,0,3
BRDA:25,22,0,2
BRDA:25,23,0,2
BRDA:25,24,0,0
BRDA:25,25,0,4
BRDA:25,26,0,0
BRDA:25,27,0,0
BRDA:25,28,0,0
BRDA:25,29,0,0
BRDA:25,30,0,2
BRDA:25,31,0,2
BRDA:25,32,0,1
BRDA:25,33,0,0
BRDA:25,34,0,0
BRDA:25,35,0,1
BRDA:25,36,0,0
BRDA:25,37,0,0
BRDA:25,38,0,0
BRDA:25,39,0,0
BRDA:25,40,0,0
BRDA:25,41,0,2
BRDA:25,42,0,0
BRDA:25,43,0,2
BRDA:25,44,0,1
BRDA:25,45,0,0
BRDA:25,46,0,1
BRDA:25,47,0,0
BRDA:10,48,0,1
BRDA:11,49,0,1
BRDA:16,50,0,1
BRDA:25,51,0,1
BRDA:25,52,0,2
BRDA:17,53,0,1
BRDA:25,54,0,1
BRF:55
BRH:33
end_of_record
TN:
SF:src\modules\users\services\AuthenticateUserService.ts
FN:56,__decorate
FN:56,__metadata
FN:56,__param
FN:56,__awaiter
FN:56,adopt
FN:56,fulfilled
FN:56,rejected
FN:56,step
FN:56,__generator
FN:56,sent
FN:56,g.<computed>
FN:56,verb
FN:56,step
FN:56,__importDefault
FN:19,AuthenticateUserService
FN:27,AuthenticateUserService.execute
FNF:16
FNH:14
FNDA:1,__decorate
FNDA:1,__metadata
FNDA:2,__param
FNDA:3,__awaiter
FNDA:5,adopt
FNDA:5,fulfilled
FNDA:0,rejected
FNDA:6,step
FNDA:3,__generator
FNDA:5,sent
FNDA:0,g.<computed>
FNDA:9,verb
FNDA:8,step
FNDA:2,__importDefault
FNDA:3,AuthenticateUserService
FNDA:3,AuthenticateUserService.execute
DA:1,1
DA:2,1
DA:3,1
DA:4,1
DA:5,1
DA:6,1
DA:7,1
DA:8,1
DA:9,1
DA:10,1
DA:11,1
DA:12,1
DA:13,1
DA:14,1
DA:15,1
DA:16,1
DA:17,1
DA:18,1
DA:19,1
DA:20,3
DA:21,3
DA:22,3
DA:23,3
DA:24,3
DA:25,3
DA:26,1
DA:27,1
DA:28,3
DA:29,3
DA:30,3
DA:31,1
DA:32,1
DA:33,2
DA:34,2
DA:35,2
DA:36,2
DA:37,2
DA:38,3
DA:39,1
DA:40,1
DA:41,1
DA:42,1
DA:43,1
DA:44,1
DA:45,1
DA:46,1
DA:47,1
DA:48,1
DA:49,1
DA:50,1
DA:51,1
DA:52,1
DA:53,3
DA:54,1
DA:55,1
DA:56,1
LF:56
LH:56
BRDA:56,0,0,1
BRDA:56,1,0,1
BRDA:56,2,0,0
BRDA:56,3,0,0
BRDA:56,4,0,0
BRDA:56,5,0,0
BRDA:56,6,0,1
BRDA:56,7,0,2
BRDA:56,8,0,2
BRDA:56,9,0,3
BRDA:56,10,0,5
BRDA:56,11,0,0
BRDA:56,12,0,3
BRDA:56,13,0,5
BRDA:56,14,0,3
BRDA:56,15,0,2
BRDA:56,16,0,6
BRDA:56,17,0,1
BRDA:56,18,0,5
BRDA:56,19,0,3
BRDA:56,20,0,5
BRDA:56,21,0,0
BRDA:56,22,0,9
BRDA:56,23,0,8
BRDA:56,24,0,8
BRDA:56,25,0,0
BRDA:56,26,0,16
BRDA:56,27,0,0
BRDA:56,28,0,0
BRDA:56,29,0,0
BRDA:56,30,0,0
BRDA:56,31,0,8
BRDA:56,32,0,8
BRDA:56,33,0,5
BRDA:56,34,0,0
BRDA:56,35,0,0
BRDA:56,36,0,3
BRDA:56,37,0,0
BRDA:56,38,0,1
BRDA:56,39,0,0
BRDA:56,40,0,0
BRDA:56,41,0,0
BRDA:56,42,0,0
BRDA:56,43,0,8
BRDA:56,44,0,6
BRDA:56,45,0,2
BRDA:56,46,0,8
BRDA:56,47,0,3
BRDA:56,48,0,2
BRDA:56,49,0,1
BRDA:56,50,0,0
BRDA:56,51,0,2
BRDA:56,52,0,0
BRDA:18,53,0,1
BRDA:19,54,0,3
BRDA:27,55,0,3
BRDA:56,56,0,3
BRDA:56,57,0,8
BRDA:29,58,0,3
BRDA:56,59,0,3
BRDA:30,60,0,1
BRDA:32,61,0,2
BRDA:56,62,0,2
BRDA:38,63,0,1
BRF:64
BRH:44
end_of_record
TN:
SF:src\modules\users\services\CreateUserService.ts
FN:41,__decorate
FN:41,__metadata
FN:41,__param
FN:41,__awaiter
FN:41,adopt
FN:41,fulfilled
FN:41,rejected
FN:41,step
FN:41,__generator
FN:41,sent
FN:41,g.<computed>
FN:41,verb
FN:41,step
FN:41,__importDefault
FN:14,CreateUserService
FN:22,CreateUserService.execute
FNF:16
FNH:14
FNDA:2,__decorate
FNDA:2,__metadata
FNDA:4,__param
FNDA:5,__awaiter
FNDA:13,adopt
FNDA:13,fulfilled
FNDA:0,rejected
FNDA:17,step
FNDA:5,__generator
FNDA:13,sent
FNDA:0,g.<computed>
FNDA:15,verb
FNDA:18,step
FNDA:2,__importDefault
FNDA:5,CreateUserService
FNDA:5,CreateUserService.execute
DA:1,1
DA:2,1
DA:3,1
DA:4,1
DA:5,1
DA:6,1
DA:7,1
DA:8,1
DA:9,1
DA:10,1
DA:11,1
DA:12,1
DA:13,2
DA:14,2
DA:15,5
DA:16,5
DA:17,5
DA:18,5
DA:19,5
DA:20,5
DA:21,2
DA:22,2
DA:23,5
DA:24,5
DA:25,5
DA:26,1
DA:27,1
DA:28,4
DA:29,4
DA:30,5
DA:31,5
DA:32,5
DA:33,5
DA:34,5
DA:35,5
DA:36,5
DA:37,5
DA:38,5
DA:39,2
DA:40,1
DA:41,1
LF:41
LH:41
BRDA:41,0,0,2
BRDA:41,1,0,2
BRDA:41,2,0,0
BRDA:41,3,0,0
BRDA:41,4,0,0
BRDA:41,5,0,0
BRDA:41,6,0,2
BRDA:41,7,0,4
BRDA:41,8,0,4
BRDA:41,9,0,5
BRDA:41,10,0,13
BRDA:41,11,0,0
BRDA:41,12,0,5
BRDA:41,13,0,13
BRDA:41,14,0,12
BRDA:41,15,0,1
BRDA:41,16,0,17
BRDA:41,17,0,4
BRDA:41,18,0,13
BRDA:41,19,0,5
BRDA:41,20,0,13
BRDA:41,21,0,0
BRDA:41,22,0,15
BRDA:41,23,0,18
BRDA:41,24,0,18
BRDA:41,25,0,0
BRDA:41,26,0,36
BRDA:41,27,0,0
BRDA:41,28,0,0
BRDA:41,29,0,0
BRDA:41,30,0,0
BRDA:41,31,0,18
BRDA:41,32,0,18
BRDA:41,33,0,13
BRDA:41,34,0,0
BRDA:41,35,0,0
BRDA:41,36,0,5
BRDA:41,37,0,0
BRDA:41,38,0,4
BRDA:41,39,0,0
BRDA:41,40,0,0
BRDA:41,41,0,0
BRDA:41,42,0,0
BRDA:41,43,0,28
BRDA:41,44,0,18
BRDA:41,45,0,17
BRDA:41,46,0,1
BRDA:41,47,0,18
BRDA:41,48,0,5
BRDA:41,49,0,1
BRDA:41,50,0,4
BRDA:41,51,0,0
BRDA:41,52,0,2
BRDA:41,53,0,0
BRDA:13,54,0,2
BRDA:14,55,0,5
BRDA:22,56,0,5
BRDA:41,57,0,5
BRDA:41,58,0,18
BRDA:23,59,0,5
BRDA:41,60,0,5
BRDA:25,61,0,1
BRDA:27,62,0,4
BRDA:41,63,0,4
BRDA:41,64,0,4
BRF:65
BRH:45
end_of_record
TN:
SF:src\modules\users\services\ResetPasswordService.ts
FN:50,__decorate
FN:50,__metadata
FN:50,__param
FN:50,__awaiter
FN:50,adopt
FN:50,fulfilled
FN:50,rejected
FN:50,step
FN:50,__generator
FN:50,sent
FN:50,g.<computed>
FN:50,verb
FN:50,step
FN:50,__importDefault
FN:15,ResetPasswordEmailService
FN:26,ResetPasswordEmailService.execute
FNF:16
FNH:14
FNDA:1,__decorate
FNDA:1,__metadata
FNDA:3,__param
FNDA:4,__awaiter
FNDA:9,adopt
FNDA:9,fulfilled
FNDA:0,rejected
FNDA:10,step
FNDA:4,__generator
FNDA:9,sent
FNDA:0,g.<computed>
FNDA:12,verb
FNDA:13,step
FNDA:1,__importDefault
FNDA:4,ResetPasswordEmailService
FNDA:4,ResetPasswordEmailService.execute
DA:1,1
DA:2,1
DA:3,1
DA:4,1
DA:5,1
DA:6,1
DA:7,1
DA:8,1
DA:9,1
DA:10,1
DA:11,1
DA:12,1
DA:13,1
DA:14,1
DA:15,1
DA:16,4
DA:17,4
DA:18,4
DA:19,4
DA:20,4
DA:21,4
DA:22,4
DA:23,4
DA:24,4
DA:25,1
DA:26,1
DA:27,4
DA:28,4
DA:29,1
DA:30,1
DA:31,3
DA:32,3
DA:33,4
DA:34,4
DA:35,1
DA:36,1
DA:37,2
DA:38,2
DA:39,2
DA:40,4
DA:41,1
DA:42,1
DA:43,1
DA:44,1
DA:45,4
DA:46,4
DA:47,4
DA:48,1
DA:49,1
DA:50,1
LF:50
LH:50
BRDA:50,0,0,1
BRDA:50,1,0,1
BRDA:50,2,0,0
BRDA:50,3,0,0
BRDA:50,4,0,0
BRDA:50,5,0,0
BRDA:50,6,0,1
BRDA:50,7,0,3
BRDA:50,8,0,3
BRDA:50,9,0,4
BRDA:50,10,0,9
BRDA:50,11,0,0
BRDA:50,12,0,4
BRDA:50,13,0,9
BRDA:50,14,0,6
BRDA:50,15,0,3
BRDA:50,16,0,10
BRDA:50,17,0,1
BRDA:50,18,0,9
BRDA:50,19,0,4
BRDA:50,20,0,9
BRDA:50,21,0,0
BRDA:50,22,0,12
BRDA:50,23,0,13
BRDA:50,24,0,13
BRDA:50,25,0,0
BRDA:50,26,0,26
BRDA:50,27,0,0
BRDA:50,28,0,0
BRDA:50,29,0,0
BRDA:50,30,0,0
BRDA:50,31,0,13
BRDA:50,32,0,13
BRDA:50,33,0,9
BRDA:50,34,0,0
BRDA:50,35,0,0
BRDA:50,36,0,4
BRDA:50,37,0,0
BRDA:50,38,0,1
BRDA:50,39,0,0
BRDA:50,40,0,0
BRDA:50,41,0,0
BRDA:50,42,0,0
BRDA:50,43,0,13
BRDA:50,44,0,10
BRDA:50,45,0,3
BRDA:50,46,0,13
BRDA:50,47,0,4
BRDA:50,48,0,3
BRDA:50,49,0,1
BRDA:50,50,0,0
BRDA:50,51,0,1
BRDA:50,52,0,0
BRDA:14,53,0,1
BRDA:15,54,0,4
BRDA:26,55,0,4
BRDA:50,56,0,4
BRDA:50,57,0,13
BRDA:27,58,0,4
BRDA:50,59,0,4
BRDA:28,60,0,1
BRDA:30,61,0,3
BRDA:50,62,0,3
BRDA:34,63,0,1
BRDA:36,64,0,2
BRDA:40,65,0,1
BRDA:50,66,0,1
BRDA:50,67,0,1
BRF:68
BRH:48
end_of_record
TN:
SF:src\modules\users\services\SendForgotPasswordEmailService.ts
FN:52,__decorate
FN:52,__metadata
FN:52,__param
FN:52,__awaiter
FN:52,adopt
FN:52,fulfilled
FN:52,rejected
FN:52,step
FN:52,__generator
FN:52,sent
FN:52,g.<computed>
FN:52,verb
FN:52,step
FN:52,__importDefault
FN:13,SendForgotPasswordEmailService
FN:24,SendForgotPasswordEmailService.execute
FNF:16
FNH:14
FNDA:1,__decorate
FNDA:1,__metadata
FNDA:3,__param
FNDA:3,__awaiter
FNDA:7,adopt
FNDA:7,fulfilled
FNDA:0,rejected
FNDA:9,step
FNDA:3,__generator
FNDA:7,sent
FNDA:0,g.<computed>
FNDA:9,verb
FNDA:10,step
FNDA:2,__importDefault
FNDA:3,SendForgotPasswordEmailService
FNDA:3,SendForgotPasswordEmailService.execute
DA:1,1
DA:2,1
DA:3,1
DA:4,1
DA:5,1
DA:6,1
DA:7,1
DA:8,1
DA:9,1
DA:10,1
DA:11,1
DA:12,1
DA:13,1
DA:14,3
DA:15,3
DA:16,3
DA:17,3
DA:18,3
DA:19,3
DA:20,3
DA:21,3
DA:22,3
DA:23,1
DA:24,1
DA:25,3
DA:26,3
DA:27,3
DA:28,1
DA:29,1
DA:30,2
DA:31,2
DA:32,3
DA:33,3
DA:34,3
DA:35,3
DA:36,3
DA:37,3
DA:38,3
DA:39,3
DA:40,3
DA:41,3
DA:42,3
DA:43,3
DA:44,3
DA:45,3
DA:46,3
DA:47,3
DA:48,3
DA:49,3
DA:50,1
DA:51,1
DA:52,1
LF:52
LH:52
BRDA:52,0,0,1
BRDA:52,1,0,1
BRDA:52,2,0,0
BRDA:52,3,0,0
BRDA:52,4,0,0
BRDA:52,5,0,0
BRDA:52,6,0,1
BRDA:52,7,0,3
BRDA:52,8,0,3
BRDA:52,9,0,3
BRDA:52,10,0,7
BRDA:52,11,0,0
BRDA:52,12,0,3
BRDA:52,13,0,7
BRDA:52,14,0,6
BRDA:52,15,0,1
BRDA:52,16,0,9
BRDA:52,17,0,2
BRDA:52,18,0,7
BRDA:52,19,0,3
BRDA:52,20,0,7
BRDA:52,21,0,0
BRDA:52,22,0,9
BRDA:52,23,0,10
BRDA:52,24,0,10
BRDA:52,25,0,0
BRDA:52,26,0,20
BRDA:52,27,0,0
BRDA:52,28,0,0
BRDA:52,29,0,0
BRDA:52,30,0,0
BRDA:52,31,0,10
BRDA:52,32,0,10
BRDA:52,33,0,7
BRDA:52,34,0,0
BRDA:52,35,0,0
BRDA:52,36,0,3
BRDA:52,37,0,0
BRDA:52,38,0,2
BRDA:52,39,0,0
BRDA:52,40,0,0
BRDA:52,41,0,0
BRDA:52,42,0,0
BRDA:52,43,0,10
BRDA:52,44,0,9
BRDA:52,45,0,1
BRDA:52,46,0,10
BRDA:52,47,0,3
BRDA:52,48,0,1
BRDA:52,49,0,2
BRDA:52,50,0,0
BRDA:52,51,0,2
BRDA:52,52,0,1
BRDA:52,53,0,1
BRDA:12,54,0,1
BRDA:13,55,0,3
BRDA:24,56,0,3
BRDA:52,57,0,3
BRDA:52,58,0,10
BRDA:25,59,0,3
BRDA:52,60,0,3
BRDA:27,61,0,1
BRDA:29,62,0,2
BRDA:52,63,0,2
BRDA:52,64,0,2
BRF:65
BRH:46
end_of_record
TN:
SF:src\modules\users\services\ShowProfileService.ts
FN:28,__decorate
FN:28,__metadata
FN:28,__param
FN:28,__awaiter
FN:28,adopt
FN:28,fulfilled
FN:28,rejected
FN:28,step
FN:28,__generator
FN:28,sent
FN:28,g.<computed>
FN:28,verb
FN:28,step
FN:28,__importDefault
FN:12,ShowProfileService
FN:17,ShowProfileService.execute
FNF:16
FNH:14
FNDA:1,__decorate
FNDA:1,__metadata
FNDA:1,__param
FNDA:2,__awaiter
FNDA:2,adopt
FNDA:2,fulfilled
FNDA:0,rejected
FNDA:3,step
FNDA:2,__generator
FNDA:2,sent
FNDA:0,g.<computed>
FNDA:6,verb
FNDA:4,step
FNDA:1,__importDefault
FNDA:2,ShowProfileService
FNDA:2,ShowProfileService.execute
DA:1,1
DA:2,1
DA:3,1
DA:4,1
DA:5,1
DA:6,1
DA:7,1
DA:8,1
DA:9,1
DA:10,1
DA:11,1
DA:12,1
DA:13,2
DA:14,2
DA:15,2
DA:16,1
DA:17,1
DA:18,2
DA:19,2
DA:20,2
DA:21,1
DA:22,1
DA:23,1
DA:24,1
DA:25,2
DA:26,1
DA:27,1
DA:28,1
LF:28
LH:28
BRDA:28,0,0,1
BRDA:28,1,0,1
BRDA:28,2,0,0
BRDA:28,3,0,0
BRDA:28,4,0,0
BRDA:28,5,0,0
BRDA:28,6,0,1
BRDA:28,7,0,1
BRDA:28,8,0,1
BRDA:28,9,0,2
BRDA:28,10,0,2
BRDA:28,11,0,0
BRDA:28,12,0,2
BRDA:28,13,0,2
BRDA:28,14,0,1
BRDA:28,15,0,3
BRDA:28,16,0,1
BRDA:28,17,0,2
BRDA:28,18,0,2
BRDA:28,19,0,2
BRDA:28,20,0,0
BRDA:28,21,0,6
BRDA:28,22,0,4
BRDA:28,23,0,4
BRDA:28,24,0,0
BRDA:28,25,0,8
BRDA:28,26,0,0
BRDA:28,27,0,0
BRDA:28,28,0,0
BRDA:28,29,0,0
BRDA:28,30,0,4
BRDA:28,31,0,4
BRDA:28,32,0,2
BRDA:28,33,0,0
BRDA:28,34,0,0
BRDA:28,35,0,2
BRDA:28,36,0,0
BRDA:28,37,0,1
BRDA:28,38,0,0
BRDA:28,39,0,0
BRDA:28,40,0,0
BRDA:28,41,0,0
BRDA:28,42,0,4
BRDA:28,43,0,3
BRDA:28,44,0,1
BRDA:28,45,0,4
BRDA:28,46,0,2
BRDA:28,47,0,1
BRDA:28,48,0,0
BRDA:28,49,0,1
BRDA:28,50,0,0
BRDA:11,51,0,1
BRDA:12,52,0,2
BRDA:17,53,0,2
BRDA:28,54,0,2
BRDA:28,55,0,4
BRDA:18,56,0,2
BRDA:28,57,0,2
BRDA:20,58,0,1
BRF:59
BRH:39
end_of_record
TN:
SF:src\modules\users\services\UpdateProfileService.ts
FN:68,__decorate
FN:68,__metadata
FN:68,__param
FN:68,__awaiter
FN:68,adopt
FN:68,fulfilled
FN:68,rejected
FN:68,step
FN:68,__generator
FN:68,sent
FN:68,g.<computed>
FN:68,verb
FN:68,step
FN:68,__importDefault
FN:17,UpdateProfileService
FN:25,UpdateProfileService.execute
FNF:16
FNH:14
FNDA:1,__decorate
FNDA:1,__metadata
FNDA:2,__param
FNDA:6,__awaiter
FNDA:15,adopt
FNDA:15,fulfilled
FNDA:0,rejected
FNDA:17,step
FNDA:6,__generator
FNDA:15,sent
FNDA:0,g.<computed>
FNDA:18,verb
FNDA:21,step
FNDA:1,__importDefault
FNDA:6,UpdateProfileService
FNDA:6,UpdateProfileService.execute
DA:1,1
DA:2,1
DA:3,1
DA:4,1
DA:5,1
DA:6,1
DA:7,1
DA:8,1
DA:9,1
DA:10,1
DA:11,1
DA:12,1
DA:13,1
DA:14,1
DA:15,1
DA:16,1
DA:17,1
DA:18,6
DA:19,6
DA:20,6
DA:21,6
DA:22,6
DA:23,6
DA:24,1
DA:25,1
DA:26,6
DA:27,6
DA:28,6
DA:29,6
DA:30,6
DA:31,6
DA:32,6
DA:33,6
DA:34,6
DA:35,1
DA:36,1
DA:37,5
DA:38,5
DA:39,6
DA:40,6
DA:41,1
DA:42,1
DA:43,4
DA:44,4
DA:45,4
DA:46,4
DA:47,6
DA:48,0
DA:49,0
DA:50,0
DA:51,0
DA:52,4
DA:53,6
DA:54,3
DA:55,3
DA:56,3
DA:57,3
DA:58,6
DA:59,2
DA:60,2
DA:61,1
DA:62,6
DA:63,6
DA:64,6
DA:65,6
DA:66,1
DA:67,1
DA:68,1
LF:68
LH:64
BRDA:68,0,0,1
BRDA:68,1,0,1
BRDA:68,2,0,0
BRDA:68,3,0,0
BRDA:68,4,0,0
BRDA:68,5,0,0
BRDA:68,6,0,1
BRDA:68,7,0,2
BRDA:68,8,0,2
BRDA:68,9,0,6
BRDA:68,10,0,15
BRDA:68,11,0,0
BRDA:68,12,0,6
BRDA:68,13,0,15
BRDA:68,14,0,11
BRDA:68,15,0,4
BRDA:68,16,0,17
BRDA:68,17,0,2
BRDA:68,18,0,15
BRDA:68,19,0,6
BRDA:68,20,0,15
BRDA:68,21,0,0
BRDA:68,22,0,18
BRDA:68,23,0,21
BRDA:68,24,0,21
BRDA:68,25,0,0
BRDA:68,26,0,43
BRDA:68,27,0,0
BRDA:68,28,0,0
BRDA:68,29,0,0
BRDA:68,30,0,0
BRDA:68,31,0,21
BRDA:68,32,0,21
BRDA:68,33,0,15
BRDA:68,34,0,0
BRDA:68,35,0,0
BRDA:68,36,0,7
BRDA:68,37,0,0
BRDA:68,38,0,3
BRDA:68,39,0,6
BRDA:68,40,0,1
BRDA:68,41,0,0
BRDA:68,42,0,1
BRDA:68,43,0,0
BRDA:68,44,0,0
BRDA:68,45,0,0
BRDA:68,46,0,22
BRDA:68,47,0,18
BRDA:68,48,0,4
BRDA:68,49,0,22
BRDA:68,50,0,6
BRDA:68,51,0,4
BRDA:68,52,0,2
BRDA:68,53,0,0
BRDA:68,54,0,1
BRDA:68,55,0,0
BRDA:16,56,0,1
BRDA:17,57,0,6
BRDA:25,58,0,6
BRDA:68,59,0,6
BRDA:68,60,0,22
BRDA:32,61,0,6
BRDA:68,62,0,6
BRDA:34,63,0,1
BRDA:36,64,0,5
BRDA:68,65,0,5
BRDA:40,66,0,1
BRDA:40,67,0,1
BRDA:42,68,0,4
BRDA:47,69,0,3
BRDA:47,70,0,0
BRDA:51,71,0,4
BRDA:53,72,0,3
BRDA:53,73,0,1
BRDA:53,74,0,3
BRDA:68,75,0,3
BRDA:58,76,0,2
BRDA:60,77,0,1
BRDA:68,78,0,1
BRDA:64,79,0,2
BRF:80
BRH:59
end_of_record
TN:
SF:src\modules\users\services\UpdateUserAvatarService.ts
FN:43,__decorate
FN:43,__metadata
FN:43,__param
FN:43,__awaiter
FN:43,adopt
FN:43,fulfilled
FN:43,rejected
FN:43,step
FN:43,__generator
FN:43,sent
FN:43,g.<computed>
FN:43,verb
FN:43,step
FN:43,__importDefault
FN:14,UpdateUserAvatarService
FN:22,UpdateUserAvatarService.execute
FNF:16
FNH:14
FNDA:1,__decorate
FNDA:1,__metadata
FNDA:2,__param
FNDA:4,__awaiter
FNDA:11,adopt
FNDA:11,fulfilled
FNDA:0,rejected
FNDA:14,step
FNDA:4,__generator
FNDA:11,sent
FNDA:0,g.<computed>
FNDA:12,verb
FNDA:15,step
FNDA:1,__importDefault
FNDA:3,UpdateUserAvatarService
FNDA:4,UpdateUserAvatarService.execute
DA:1,1
DA:2,1
DA:3,1
DA:4,1
DA:5,1
DA:6,1
DA:7,1
DA:8,1
DA:9,1
DA:10,1
DA:11,1
DA:12,1
DA:13,1
DA:14,1
DA:15,3
DA:16,3
DA:17,3
DA:18,3
DA:19,3
DA:20,3
DA:21,1
DA:22,1
DA:23,4
DA:24,4
DA:25,4
DA:26,1
DA:27,1
DA:28,3
DA:29,3
DA:30,1
DA:31,4
DA:32,4
DA:33,4
DA:34,4
DA:35,4
DA:36,4
DA:37,4
DA:38,4
DA:39,4
DA:40,4
DA:41,1
DA:42,1
DA:43,1
LF:43
LH:43
BRDA:43,0,0,1
BRDA:43,1,0,1
BRDA:43,2,0,0
BRDA:43,3,0,0
BRDA:43,4,0,0
BRDA:43,5,0,0
BRDA:43,6,0,1
BRDA:43,7,0,2
BRDA:43,8,0,2
BRDA:43,9,0,4
BRDA:43,10,0,11
BRDA:43,11,0,0
BRDA:43,12,0,4
BRDA:43,13,0,11
BRDA:43,14,0,10
BRDA:43,15,0,1
BRDA:43,16,0,14
BRDA:43,17,0,3
BRDA:43,18,0,11
BRDA:43,19,0,4
BRDA:43,20,0,11
BRDA:43,21,0,0
BRDA:43,22,0,12
BRDA:43,23,0,15
BRDA:43,24,0,15
BRDA:43,25,0,0
BRDA:43,26,0,32
BRDA:43,27,0,0
BRDA:43,28,0,0
BRDA:43,29,0,0
BRDA:43,30,0,0
BRDA:43,31,0,15
BRDA:43,32,0,15
BRDA:43,33,0,11
BRDA:43,34,0,0
BRDA:43,35,0,0
BRDA:43,36,0,6
BRDA:43,37,0,0
BRDA:43,38,0,5
BRDA:43,39,0,4
BRDA:43,40,0,2
BRDA:43,41,0,0
BRDA:43,42,0,2
BRDA:43,43,0,0
BRDA:43,44,0,0
BRDA:43,45,0,0
BRDA:43,46,0,17
BRDA:43,47,0,16
BRDA:43,48,0,1
BRDA:43,49,0,17
BRDA:43,50,0,4
BRDA:43,51,0,1
BRDA:43,52,0,3
BRDA:43,53,0,0
BRDA:43,54,0,1
BRDA:43,55,0,0
BRDA:13,56,0,1
BRDA:14,57,0,3
BRDA:22,58,0,4
BRDA:43,59,0,4
BRDA:43,60,0,17
BRDA:23,61,0,4
BRDA:43,62,0,4
BRDA:25,63,0,1
BRDA:27,64,0,3
BRDA:29,65,0,2
BRDA:29,66,0,1
BRDA:43,67,0,1
BRDA:33,68,0,3
BRDA:43,69,0,3
BRDA:43,70,0,3
BRF:71
BRH:51
end_of_record
